<?xml version="1.0" encoding="UTF-8"?>
<!-- Generated by org.testng.reporters.JUnitReportReporter -->
<testsuite hostname="DESKTOP-LFI4QP4" failures="0" tests="1" name="DBTesting.DbTest.MainTest" time="0.356" errors="0" timestamp="2022-06-16T14:38:48 IST" skipped="0">
  <testcase classname="DBTesting.DbTest.MainTest" name="getTableData" time="0.356"/>
  <system-out/>
</testsuite> <!-- DBTesting.DbTest.MainTest -->
